<?xml version="1.0" encoding="UTF-8"?>
<!-- Generated by org.testng.reporters.JUnitReportReporter -->
<testsuite hostname="LokeshBhyrava" failures="0" tests="3" name="listeners.dependency1" time="0.012" errors="0" timestamp="2023-05-24T15:05:05 IST" skipped="0">
  <testcase classname="listeners.dependency1" name="test3" time="0.001"/>
  <system-out/>
  <testcase classname="listeners.dependency1" name="test2" time="0.002"/>
  <system-out/>
  <testcase classname="listeners.dependency1" name="test1" time="0.009"/>
  <system-out/>
</testsuite> <!-- listeners.dependency1 -->
